
> nx run fast-ui-fast-ui-components:build-storybook --outputDir=/var/folders/cq/tfd10t394w96vzvkzxnlf5xr0000gn/T/chromatic--14722-v1HGzP3dkoUv


>  NX  ui framework: @storybook/react


>  NX  Storybook builder starting ...

info => Cleaning outputDir: /Users/sirum/Desktop/web-dev/dist/storybook/fast-ui-fast-ui-components
info => Loading presets
info => Compiling manager..
info => Compiling preview..
info => Loading Nrwl React Storybook preset from "@nrwl/react/plugins/storybook"
info => Using default Webpack5 setup
info => Manager built (22 s)
info => Preview built (29 s)
WARN asset size limit: The following asset(s) exceed the recommended size limit (244 KiB).
WARN This can impact web performance.
WARN Assets: 
WARN   869.09c443fc.iframe.bundle.js (561 KiB)
WARN   289.f9e34947.iframe.bundle.js (2.39 MiB)
WARN entrypoint size limit: The following entrypoint(s) combined asset size exceeds the recommended limit (244 KiB). This can impact web performance.
WARN Entrypoints:
WARN   main (2.49 MiB)
WARN       runtime~main.7739dd94.iframe.bundle.js
WARN       289.f9e34947.iframe.bundle.js
WARN       main.b19f15bb.iframe.bundle.js
WARN 
info => Output directory: /Users/sirum/Desktop/web-dev/dist/storybook/fast-ui-fast-ui-components

>  NX  Storybook builder finished ...


>  NX  Storybook files available in dist/storybook/fast-ui-fast-ui-components


 

 >  NX   Successfully ran target build-storybook for project fast-ui-fast-ui-components


   See Nx Cloud run details at https://nx.app/runs/mQR4e7ghDiX

